{"C:\\Users\\Rohan\\Desktop\\Battleship-game\\src\\Player.js": {"path":"C:\\Users\\Rohan\\Desktop\\Battleship-game\\src\\Player.js","statementMap":{"0":{"start":{"line":1,"column":19},"end":{"line":10,"column":1}},"1":{"start":{"line":3,"column":18},"end":{"line":3,"column":59}},"2":{"start":{"line":4,"column":22},"end":{"line":4,"column":51}},"3":{"start":{"line":5,"column":4},"end":{"line":5,"column":36}},"4":{"start":{"line":8,"column":4},"end":{"line":8,"column":21}},"5":{"start":{"line":13,"column":18},"end":{"line":16,"column":4}},"6":{"start":{"line":18,"column":2},"end":{"line":18,"column":19}}},"fnMap":{"0":{"name":"(anonymous_0)","decl":{"start":{"line":2,"column":15},"end":{"line":2,"column":16}},"loc":{"start":{"line":2,"column":38},"end":{"line":6,"column":3}},"line":2},"1":{"name":"(anonymous_1)","decl":{"start":{"line":7,"column":11},"end":{"line":7,"column":12}},"loc":{"start":{"line":7,"column":23},"end":{"line":9,"column":3}},"line":7},"2":{"name":"Player","decl":{"start":{"line":12,"column":9},"end":{"line":12,"column":15}},"loc":{"start":{"line":12,"column":33},"end":{"line":19,"column":1}},"line":12}},"branchMap":{},"s":{"0":1,"1":2,"2":2,"3":2,"4":1,"5":1,"6":1},"f":{"0":2,"1":1,"2":1},"b":{},"_coverageSchema":"1a1c01bbd47fc00a2c39e90264f33305004495a9","hash":"0e312c314b5c561d7f3f7e41a7479a91965a8825"}
,"C:\\Users\\Rohan\\Desktop\\Battleship-game\\src\\gameBoardFactory.js": {"path":"C:\\Users\\Rohan\\Desktop\\Battleship-game\\src\\gameBoardFactory.js","statementMap":{"0":{"start":{"line":3,"column":18},"end":{"line":119,"column":1}},"1":{"start":{"line":5,"column":4},"end":{"line":5,"column":21}},"2":{"start":{"line":6,"column":12},"end":{"line":6,"column":13}},"3":{"start":{"line":7,"column":4},"end":{"line":15,"column":5}},"4":{"start":{"line":8,"column":6},"end":{"line":8,"column":54}},"5":{"start":{"line":9,"column":6},"end":{"line":13,"column":7}},"6":{"start":{"line":10,"column":8},"end":{"line":10,"column":17}},"7":{"start":{"line":12,"column":8},"end":{"line":12,"column":14}},"8":{"start":{"line":14,"column":6},"end":{"line":14,"column":10}},"9":{"start":{"line":16,"column":18},"end":{"line":16,"column":34}},"10":{"start":{"line":17,"column":4},"end":{"line":17,"column":32}},"11":{"start":{"line":20,"column":18},"end":{"line":20,"column":31}},"12":{"start":{"line":21,"column":21},"end":{"line":21,"column":50}},"13":{"start":{"line":22,"column":16},"end":{"line":24,"column":6}},"14":{"start":{"line":23,"column":6},"end":{"line":23,"column":56}},"15":{"start":{"line":25,"column":4},"end":{"line":48,"column":5}},"16":{"start":{"line":26,"column":6},"end":{"line":26,"column":45}},"17":{"start":{"line":27,"column":11},"end":{"line":48,"column":5}},"18":{"start":{"line":28,"column":6},"end":{"line":28,"column":46}},"19":{"start":{"line":30,"column":8},"end":{"line":30,"column":56}},"20":{"start":{"line":32,"column":22},"end":{"line":32,"column":55}},"21":{"start":{"line":33,"column":6},"end":{"line":33,"column":20}},"22":{"start":{"line":34,"column":6},"end":{"line":34,"column":29}},"23":{"start":{"line":35,"column":21},"end":{"line":35,"column":45}},"24":{"start":{"line":37,"column":6},"end":{"line":37,"column":21}},"25":{"start":{"line":38,"column":6},"end":{"line":38,"column":44}},"26":{"start":{"line":39,"column":26},"end":{"line":39,"column":43}},"27":{"start":{"line":40,"column":6},"end":{"line":42,"column":7}},"28":{"start":{"line":41,"column":8},"end":{"line":41,"column":41}},"29":{"start":{"line":44,"column":6},"end":{"line":44,"column":69}},"30":{"start":{"line":46,"column":6},"end":{"line":46,"column":46}},"31":{"start":{"line":47,"column":6},"end":{"line":47,"column":40}},"32":{"start":{"line":51,"column":4},"end":{"line":55,"column":5}},"33":{"start":{"line":52,"column":6},"end":{"line":52,"column":38}},"34":{"start":{"line":54,"column":6},"end":{"line":54,"column":52}},"35":{"start":{"line":58,"column":12},"end":{"line":58,"column":13}},"36":{"start":{"line":59,"column":25},"end":{"line":59,"column":27}},"37":{"start":{"line":60,"column":4},"end":{"line":68,"column":5}},"38":{"start":{"line":61,"column":6},"end":{"line":61,"column":57}},"39":{"start":{"line":62,"column":6},"end":{"line":66,"column":7}},"40":{"start":{"line":63,"column":8},"end":{"line":63,"column":17}},"41":{"start":{"line":65,"column":8},"end":{"line":65,"column":14}},"42":{"start":{"line":67,"column":6},"end":{"line":67,"column":10}},"43":{"start":{"line":70,"column":4},"end":{"line":75,"column":5}},"44":{"start":{"line":72,"column":6},"end":{"line":72,"column":26}},"45":{"start":{"line":74,"column":6},"end":{"line":74,"column":20}},"46":{"start":{"line":77,"column":22},"end":{"line":77,"column":24}},"47":{"start":{"line":78,"column":4},"end":{"line":97,"column":5}},"48":{"start":{"line":79,"column":6},"end":{"line":81,"column":8}},"49":{"start":{"line":83,"column":23},"end":{"line":83,"column":25}},"50":{"start":{"line":84,"column":6},"end":{"line":96,"column":9}},"51":{"start":{"line":86,"column":8},"end":{"line":95,"column":11}},"52":{"start":{"line":88,"column":10},"end":{"line":90,"column":13}},"53":{"start":{"line":89,"column":12},"end":{"line":89,"column":66}},"54":{"start":{"line":89,"column":45},"end":{"line":89,"column":66}},"55":{"start":{"line":91,"column":10},"end":{"line":92,"column":41}},"56":{"start":{"line":92,"column":12},"end":{"line":92,"column":41}},"57":{"start":{"line":94,"column":10},"end":{"line":94,"column":26}},"58":{"start":{"line":104,"column":4},"end":{"line":110,"column":5}},"59":{"start":{"line":109,"column":6},"end":{"line":109,"column":19}},"60":{"start":{"line":112,"column":4},"end":{"line":112,"column":70}},"61":{"start":{"line":113,"column":4},"end":{"line":113,"column":37}},"62":{"start":{"line":114,"column":4},"end":{"line":114,"column":16}},"63":{"start":{"line":117,"column":4},"end":{"line":117,"column":28}},"64":{"start":{"line":122,"column":17},"end":{"line":122,"column":19}},"65":{"start":{"line":123,"column":23},"end":{"line":123,"column":25}},"66":{"start":{"line":124,"column":18},"end":{"line":124,"column":19}},"67":{"start":{"line":125,"column":21},"end":{"line":125,"column":23}},"68":{"start":{"line":126,"column":23},"end":{"line":126,"column":25}},"69":{"start":{"line":127,"column":20},"end":{"line":127,"column":77}},"70":{"start":{"line":127,"column":58},"end":{"line":127,"column":76}},"71":{"start":{"line":128,"column":21},"end":{"line":135,"column":4}},"72":{"start":{"line":136,"column":2},"end":{"line":136,"column":22}}},"fnMap":{"0":{"name":"(anonymous_0)","decl":{"start":{"line":4,"column":13},"end":{"line":4,"column":14}},"loc":{"start":{"line":4,"column":61},"end":{"line":18,"column":3}},"line":4},"1":{"name":"(anonymous_1)","decl":{"start":{"line":19,"column":17},"end":{"line":19,"column":18}},"loc":{"start":{"line":19,"column":40},"end":{"line":49,"column":3}},"line":19},"2":{"name":"(anonymous_2)","decl":{"start":{"line":22,"column":46},"end":{"line":22,"column":47}},"loc":{"start":{"line":22,"column":53},"end":{"line":24,"column":5}},"line":22},"3":{"name":"FindShip","decl":{"start":{"line":29,"column":15},"end":{"line":29,"column":23}},"loc":{"start":{"line":29,"column":32},"end":{"line":31,"column":7}},"line":29},"4":{"name":"(anonymous_4)","decl":{"start":{"line":50,"column":16},"end":{"line":50,"column":17}},"loc":{"start":{"line":50,"column":28},"end":{"line":56,"column":3}},"line":50},"5":{"name":"(anonymous_5)","decl":{"start":{"line":57,"column":27},"end":{"line":57,"column":28}},"loc":{"start":{"line":57,"column":75},"end":{"line":115,"column":3}},"line":57},"6":{"name":"(anonymous_6)","decl":{"start":{"line":84,"column":29},"end":{"line":84,"column":30}},"loc":{"start":{"line":84,"column":47},"end":{"line":96,"column":7}},"line":84},"7":{"name":"(anonymous_7)","decl":{"start":{"line":86,"column":36},"end":{"line":86,"column":37}},"loc":{"start":{"line":86,"column":49},"end":{"line":95,"column":9}},"line":86},"8":{"name":"(anonymous_8)","decl":{"start":{"line":88,"column":26},"end":{"line":88,"column":27}},"loc":{"start":{"line":88,"column":42},"end":{"line":90,"column":11}},"line":88},"9":{"name":"(anonymous_9)","decl":{"start":{"line":116,"column":12},"end":{"line":116,"column":13}},"loc":{"start":{"line":116,"column":24},"end":{"line":118,"column":3}},"line":116},"10":{"name":"gameBoard","decl":{"start":{"line":121,"column":9},"end":{"line":121,"column":18}},"loc":{"start":{"line":121,"column":27},"end":{"line":137,"column":1}},"line":121},"11":{"name":"(anonymous_11)","decl":{"start":{"line":127,"column":51},"end":{"line":127,"column":52}},"loc":{"start":{"line":127,"column":58},"end":{"line":127,"column":76}},"line":127}},"branchMap":{"0":{"loc":{"start":{"line":9,"column":6},"end":{"line":13,"column":7}},"type":"if","locations":[{"start":{"line":9,"column":6},"end":{"line":13,"column":7}},{"start":{"line":9,"column":6},"end":{"line":13,"column":7}}],"line":9},"1":{"loc":{"start":{"line":23,"column":13},"end":{"line":23,"column":55}},"type":"binary-expr","locations":[{"start":{"line":23,"column":13},"end":{"line":23,"column":32}},{"start":{"line":23,"column":36},"end":{"line":23,"column":55}}],"line":23},"2":{"loc":{"start":{"line":25,"column":4},"end":{"line":48,"column":5}},"type":"if","locations":[{"start":{"line":25,"column":4},"end":{"line":48,"column":5}},{"start":{"line":25,"column":4},"end":{"line":48,"column":5}}],"line":25},"3":{"loc":{"start":{"line":27,"column":11},"end":{"line":48,"column":5}},"type":"if","locations":[{"start":{"line":27,"column":11},"end":{"line":48,"column":5}},{"start":{"line":27,"column":11},"end":{"line":48,"column":5}}],"line":27},"4":{"loc":{"start":{"line":27,"column":15},"end":{"line":27,"column":47}},"type":"binary-expr","locations":[{"start":{"line":27,"column":15},"end":{"line":27,"column":27}},{"start":{"line":27,"column":31},"end":{"line":27,"column":47}}],"line":27},"5":{"loc":{"start":{"line":40,"column":6},"end":{"line":42,"column":7}},"type":"if","locations":[{"start":{"line":40,"column":6},"end":{"line":42,"column":7}},{"start":{"line":40,"column":6},"end":{"line":42,"column":7}}],"line":40},"6":{"loc":{"start":{"line":51,"column":4},"end":{"line":55,"column":5}},"type":"if","locations":[{"start":{"line":51,"column":4},"end":{"line":55,"column":5}},{"start":{"line":51,"column":4},"end":{"line":55,"column":5}}],"line":51},"7":{"loc":{"start":{"line":62,"column":6},"end":{"line":66,"column":7}},"type":"if","locations":[{"start":{"line":62,"column":6},"end":{"line":66,"column":7}},{"start":{"line":62,"column":6},"end":{"line":66,"column":7}}],"line":62},"8":{"loc":{"start":{"line":70,"column":4},"end":{"line":75,"column":5}},"type":"if","locations":[{"start":{"line":70,"column":4},"end":{"line":75,"column":5}},{"start":{"line":70,"column":4},"end":{"line":75,"column":5}}],"line":70},"9":{"loc":{"start":{"line":78,"column":4},"end":{"line":97,"column":5}},"type":"if","locations":[{"start":{"line":78,"column":4},"end":{"line":97,"column":5}},{"start":{"line":78,"column":4},"end":{"line":97,"column":5}}],"line":78},"10":{"loc":{"start":{"line":89,"column":12},"end":{"line":89,"column":66}},"type":"if","locations":[{"start":{"line":89,"column":12},"end":{"line":89,"column":66}},{"start":{"line":89,"column":12},"end":{"line":89,"column":66}}],"line":89},"11":{"loc":{"start":{"line":91,"column":10},"end":{"line":92,"column":41}},"type":"if","locations":[{"start":{"line":91,"column":10},"end":{"line":92,"column":41}},{"start":{"line":91,"column":10},"end":{"line":92,"column":41}}],"line":91},"12":{"loc":{"start":{"line":104,"column":4},"end":{"line":110,"column":5}},"type":"if","locations":[{"start":{"line":104,"column":4},"end":{"line":110,"column":5}},{"start":{"line":104,"column":4},"end":{"line":110,"column":5}}],"line":104},"13":{"loc":{"start":{"line":105,"column":6},"end":{"line":107,"column":49}},"type":"binary-expr","locations":[{"start":{"line":105,"column":6},"end":{"line":105,"column":41}},{"start":{"line":106,"column":6},"end":{"line":106,"column":30}},{"start":{"line":107,"column":6},"end":{"line":107,"column":49}}],"line":105}},"s":{"0":1,"1":2,"2":2,"3":2,"4":6,"5":6,"6":4,"7":2,"8":6,"9":2,"10":2,"11":8,"12":8,"13":8,"14":22,"15":8,"16":1,"17":7,"18":6,"19":8,"20":6,"21":6,"22":6,"23":6,"24":6,"25":6,"26":6,"27":6,"28":2,"29":6,"30":1,"31":1,"32":2,"33":1,"34":1,"35":7,"36":7,"37":7,"38":26,"39":26,"40":16,"41":10,"42":26,"43":7,"44":4,"45":3,"46":7,"47":7,"48":3,"49":4,"50":4,"51":14,"52":72,"53":144,"54":57,"55":72,"56":5,"57":72,"58":7,"59":5,"60":2,"61":2,"62":2,"63":3,"64":1,"65":1,"66":1,"67":1,"68":1,"69":1,"70":3,"71":1,"72":1},"f":{"0":2,"1":8,"2":22,"3":8,"4":2,"5":7,"6":14,"7":72,"8":144,"9":3,"10":1,"11":3},"b":{"0":[4,2],"1":[22,12],"2":[1,7],"3":[6,1],"4":[7,7],"5":[2,4],"6":[1,1],"7":[16,10],"8":[4,3],"9":[3,4],"10":[57,87],"11":[5,67],"12":[5,2],"13":[7,4,3]},"_coverageSchema":"1a1c01bbd47fc00a2c39e90264f33305004495a9","hash":"38c722e34ccdd32c66b3b42fbb2f581b2c38cf0a"}
,"C:\\Users\\Rohan\\Desktop\\Battleship-game\\src\\shipFactory.js": {"path":"C:\\Users\\Rohan\\Desktop\\Battleship-game\\src\\shipFactory.js","statementMap":{"0":{"start":{"line":1,"column":19},"end":{"line":13,"column":1}},"1":{"start":{"line":3,"column":4},"end":{"line":3,"column":18}},"2":{"start":{"line":4,"column":4},"end":{"line":4,"column":35}},"3":{"start":{"line":7,"column":4},"end":{"line":11,"column":5}},"4":{"start":{"line":8,"column":6},"end":{"line":8,"column":41}},"5":{"start":{"line":10,"column":6},"end":{"line":10,"column":46}},"6":{"start":{"line":16,"column":19},"end":{"line":16,"column":25}},"7":{"start":{"line":17,"column":16},"end":{"line":20,"column":4}},"8":{"start":{"line":21,"column":2},"end":{"line":21,"column":17}}},"fnMap":{"0":{"name":"(anonymous_0)","decl":{"start":{"line":2,"column":7},"end":{"line":2,"column":8}},"loc":{"start":{"line":2,"column":19},"end":{"line":5,"column":3}},"line":2},"1":{"name":"(anonymous_1)","decl":{"start":{"line":6,"column":10},"end":{"line":6,"column":11}},"loc":{"start":{"line":6,"column":22},"end":{"line":12,"column":3}},"line":6},"2":{"name":"ship","decl":{"start":{"line":15,"column":9},"end":{"line":15,"column":13}},"loc":{"start":{"line":15,"column":22},"end":{"line":22,"column":1}},"line":15}},"branchMap":{"0":{"loc":{"start":{"line":7,"column":4},"end":{"line":11,"column":5}},"type":"if","locations":[{"start":{"line":7,"column":4},"end":{"line":11,"column":5}},{"start":{"line":7,"column":4},"end":{"line":11,"column":5}}],"line":7}},"s":{"0":2,"1":11,"2":11,"3":8,"4":3,"5":5,"6":3,"7":3,"8":3},"f":{"0":11,"1":8,"2":3},"b":{"0":[3,5]},"_coverageSchema":"1a1c01bbd47fc00a2c39e90264f33305004495a9","hash":"997d5a78775ba6a78bccc7b65af09fb3942440e1"}
}
