TN:
SF:src\Player.js
FN:2,(anonymous_0)
FN:7,(anonymous_1)
FN:12,Player
FNF:3
FNH:3
FNDA:2,(anonymous_0)
FNDA:1,(anonymous_1)
FNDA:1,Player
DA:1,1
DA:3,2
DA:4,2
DA:5,2
DA:8,1
DA:13,1
DA:18,1
LF:7
LH:7
BRF:0
BRH:0
end_of_record
TN:
SF:src\gameBoardFactory.js
FN:4,(anonymous_0)
FN:19,(anonymous_1)
FN:22,(anonymous_2)
FN:29,FindShip
FN:50,(anonymous_4)
FN:57,(anonymous_5)
FN:84,(anonymous_6)
FN:86,(anonymous_7)
FN:88,(anonymous_8)
FN:116,(anonymous_9)
FN:121,gameBoard
FN:127,(anonymous_11)
FNF:12
FNH:12
FNDA:2,(anonymous_0)
FNDA:8,(anonymous_1)
FNDA:22,(anonymous_2)
FNDA:8,FindShip
FNDA:2,(anonymous_4)
FNDA:7,(anonymous_5)
FNDA:14,(anonymous_6)
FNDA:72,(anonymous_7)
FNDA:144,(anonymous_8)
FNDA:3,(anonymous_9)
FNDA:1,gameBoard
FNDA:3,(anonymous_11)
DA:3,1
DA:5,2
DA:6,2
DA:7,2
DA:8,6
DA:9,6
DA:10,4
DA:12,2
DA:14,6
DA:16,2
DA:17,2
DA:20,8
DA:21,8
DA:22,8
DA:23,22
DA:25,8
DA:26,1
DA:27,7
DA:28,6
DA:30,8
DA:32,6
DA:33,6
DA:34,6
DA:35,6
DA:37,6
DA:38,6
DA:39,6
DA:40,6
DA:41,2
DA:44,6
DA:46,1
DA:47,1
DA:51,2
DA:52,1
DA:54,1
DA:58,7
DA:59,7
DA:60,7
DA:61,26
DA:62,26
DA:63,16
DA:65,10
DA:67,26
DA:70,7
DA:72,4
DA:74,3
DA:77,7
DA:78,7
DA:79,3
DA:83,4
DA:84,4
DA:86,14
DA:88,72
DA:89,144
DA:91,72
DA:92,5
DA:94,72
DA:104,7
DA:109,5
DA:112,2
DA:113,2
DA:114,2
DA:117,3
DA:122,1
DA:123,1
DA:124,1
DA:125,1
DA:126,1
DA:127,3
DA:128,1
DA:136,1
LF:71
LH:71
BRDA:9,0,0,4
BRDA:9,0,1,2
BRDA:23,1,0,22
BRDA:23,1,1,12
BRDA:25,2,0,1
BRDA:25,2,1,7
BRDA:27,3,0,6
BRDA:27,3,1,1
BRDA:27,4,0,7
BRDA:27,4,1,7
BRDA:40,5,0,2
BRDA:40,5,1,4
BRDA:51,6,0,1
BRDA:51,6,1,1
BRDA:62,7,0,16
BRDA:62,7,1,10
BRDA:70,8,0,4
BRDA:70,8,1,3
BRDA:78,9,0,3
BRDA:78,9,1,4
BRDA:89,10,0,57
BRDA:89,10,1,87
BRDA:91,11,0,5
BRDA:91,11,1,67
BRDA:104,12,0,5
BRDA:104,12,1,2
BRDA:105,13,0,7
BRDA:105,13,1,4
BRDA:105,13,2,3
BRF:29
BRH:29
end_of_record
TN:
SF:src\shipFactory.js
FN:2,(anonymous_0)
FN:6,(anonymous_1)
FN:15,ship
FNF:3
FNH:3
FNDA:11,(anonymous_0)
FNDA:8,(anonymous_1)
FNDA:3,ship
DA:1,2
DA:3,11
DA:4,11
DA:7,8
DA:8,3
DA:10,5
DA:16,3
DA:17,3
DA:21,3
LF:9
LH:9
BRDA:7,0,0,3
BRDA:7,0,1,5
BRF:2
BRH:2
end_of_record
